UID          PID    PPID  C STIME TTY          TIME CMD
root           1       0  0 09:37 ?        00:00:01 /usr/lib/systemd/systemd --switched-root --system --deserialize=32
root           2       0  0 09:37 ?        00:00:00 [kthreadd]
root           3       2  0 09:37 ?        00:00:00 [rcu_gp]
root           4       2  0 09:37 ?        00:00:00 [rcu_par_gp]
root           5       2  0 09:37 ?        00:00:00 [slub_flushwq]
root           6       2  0 09:37 ?        00:00:00 [netns]
root           8       2  0 09:37 ?        00:00:00 [kworker/0:0H-events_highpri]
root          10       2  0 09:37 ?        00:00:00 [mm_percpu_wq]
root          11       2  0 09:37 ?        00:00:00 [rcu_tasks_kthread]
root          12       2  0 09:37 ?        00:00:00 [rcu_tasks_rude_kthread]
root          13       2  0 09:37 ?        00:00:00 [rcu_tasks_trace_kthread]
root          14       2  0 09:37 ?        00:00:00 [ksoftirqd/0]
root          15       2  0 09:37 ?        00:00:00 [rcu_preempt]
root          16       2  0 09:37 ?        00:00:00 [migration/0]
root          18       2  0 09:37 ?        00:00:00 [cpuhp/0]
root          20       2  0 09:37 ?        00:00:00 [kdevtmpfs]
root          21       2  0 09:37 ?        00:00:00 [inet_frag_wq]
root          22       2  0 09:37 ?        00:00:00 [kauditd]
root          23       2  0 09:37 ?        00:00:00 [khungtaskd]
root          24       2  0 09:37 ?        00:00:00 [oom_reaper]
root          27       2  0 09:37 ?        00:00:00 [writeback]
root          28       2  0 09:37 ?        00:00:00 [kcompactd0]
root          29       2  0 09:37 ?        00:00:00 [khugepaged]
root          30       2  0 09:37 ?        00:00:00 [kintegrityd]
root          31       2  0 09:37 ?        00:00:00 [kblockd]
root          32       2  0 09:37 ?        00:00:00 [blkcg_punt_bio]
root          33       2  0 09:37 ?        00:00:00 [xen-balloon]
root          34       2  0 09:37 ?        00:00:00 [tpm_dev_wq]
root          35       2  0 09:37 ?        00:00:00 [md]
root          36       2  0 09:37 ?        00:00:00 [edac-poller]
root          37       2  0 09:37 ?        00:00:00 [watchdogd]
root          38       2  0 09:37 ?        00:00:00 [kworker/0:1H-kblockd]
root          45       2  0 09:37 ?        00:00:00 [kswapd0]
root          76       2  0 09:37 ?        00:00:00 [xfsalloc]
root          77       2  0 09:37 ?        00:00:00 [xfs_mru_cache]
root          80       2  0 09:37 ?        00:00:00 [kthrotld]
root          95       2  0 09:37 ?        00:00:00 [xenbus]
root          96       2  0 09:37 ?        00:00:00 [xenwatch]
root         134       2  0 09:37 ?        00:00:00 [nvme-wq]
root         136       2  0 09:37 ?        00:00:00 [nvme-reset-wq]
root         138       2  0 09:37 ?        00:00:00 [nvme-delete-wq]
root         161       2  0 09:37 ?        00:00:00 [mld]
root         162       2  0 09:37 ?        00:00:00 [ipv6_addrconf]
root         172       2  0 09:37 ?        00:00:00 [kstrp]
root         181       2  0 09:37 ?        00:00:00 [zswap-shrink]
root         182       2  0 09:37 ?        00:00:00 [kworker/u31:0]
root         978       2  0 09:37 ?        00:00:00 [xfs-buf/xvda1]
root         979       2  0 09:37 ?        00:00:00 [xfs-conv/xvda1]
root         980       2  0 09:37 ?        00:00:00 [xfs-reclaim/xvd]
root         981       2  0 09:37 ?        00:00:00 [xfs-blockgc/xvd]
root         982       2  0 09:37 ?        00:00:00 [xfs-inodegc/xvd]
root         983       2  0 09:37 ?        00:00:00 [xfs-log/xvda1]
root         984       2  0 09:37 ?        00:00:00 [xfs-cil/xvda1]
root         985       2  0 09:37 ?        00:00:03 [xfsaild/xvda1]
root        1039       1  0 09:37 ?        00:00:01 /usr/lib/systemd/systemd-journald
root        1689       1  0 09:37 ?        00:00:00 /usr/lib/systemd/systemd-udevd
root        1764       2  0 09:37 ?        00:00:00 [cryptd]
root        1804       2  0 09:37 ?        00:00:00 [ata_sff]
root        1819       2  0 09:37 ?        00:00:00 [scsi_eh_0]
root        1825       2  0 09:37 ?        00:00:00 [scsi_tmf_0]
root        1831       2  0 09:37 ?        00:00:00 [scsi_eh_1]
root        1833       2  0 09:37 ?        00:00:00 [scsi_tmf_1]
systemd+    1896       1  0 09:37 ?        00:00:00 /usr/lib/systemd/systemd-resolved
root        1905       2  0 09:37 ?        00:00:00 [rpciod]
root        1906       2  0 09:37 ?        00:00:00 [xprtiod]
root        1908       1  0 09:37 ?        00:00:00 /sbin/auditd
root        1926       1  0 09:37 ?        00:00:00 /usr/bin/systemd-inhibit --what=handle-suspend-key:handle-hibernate-key --who=noah --why=acpid instead --mode=block /usr/sbin/acpid -f
libstor+    1928       1  0 09:37 ?        00:00:00 /usr/bin/lsmd -d
root        1930       1  0 09:37 ?        00:00:12 /usr/sbin/rngd -f -x pkcs11 -x nist
root        1932       1  0 09:37 ?        00:00:00 /usr/lib/systemd/systemd-homed
root        1933       1  0 09:37 ?        00:00:00 /usr/lib/systemd/systemd-logind
dbus        1934       1  0 09:37 ?        00:00:00 /usr/bin/dbus-broker-launch --scope system --audit
systemd+    1935       1  0 09:37 ?        00:00:00 /usr/lib/systemd/systemd-networkd
dbus        1941    1934  0 09:37 ?        00:00:00 dbus-broker --log 4 --controller 9 --machine-id ec2de3780f4cadbdae8020ecfdc25bb4 --max-bytes 536870912 --max-fds 4096 --max-matches 16384 --audit
jenkins     1946       1  0 09:37 ?        00:00:44 /usr/bin/java -Djava.awt.headless=true -jar /usr/share/java/jenkins.war --webroot=/var/cache/jenkins/war --httpPort=8080
root        1969       1  0 09:37 ?        00:00:00 /usr/sbin/gssproxy -D
root        1991    1926  0 09:37 ?        00:00:00 /usr/sbin/acpid -f
root        2136       1  0 09:37 ?        00:00:00 /usr/bin/amazon-ssm-agent
root        2140       1  0 09:37 ?        00:00:00 sshd: /usr/sbin/sshd -D [listener] 0 of 10-100 startups
root        2147       1  0 09:37 ?        00:00:00 /usr/sbin/atd -f
root        2148       1  0 09:37 tty1     00:00:00 /sbin/agetty -o -p -- \u --noclear - linux
root        2149       1  0 09:37 ttyS0    00:00:00 /sbin/agetty -o -p -- \u --keep-baud 115200,57600,38400,9600 - vt220
chrony      2169       1  0 09:37 ?        00:00:00 /usr/sbin/chronyd -F 2
root        6141    2140  0 12:19 ?        00:00:00 sshd: ec2-user [priv]
root        6144       1  0 12:19 ?        00:00:00 /usr/lib/systemd/systemd-userdbd
ec2-user    6149       1  0 12:19 ?        00:00:00 /usr/lib/systemd/systemd --user
ec2-user    6153    6149  0 12:19 ?        00:00:00 (sd-pam)
ec2-user    6160    6141  0 12:19 ?        00:00:00 sshd: ec2-user@pts/0
ec2-user    6161    6160  0 12:19 pts/0    00:00:00 -bash
ec2-user    6548    6161  0 12:32 pts/0    00:00:00 /usr/bin/vim exercise.sh
ec2-user    6549    6161  0 12:32 pts/0    00:00:00 awk -F [:/] /linux/ {print $3}
ec2-user    6551    6161  0 12:32 pts/0    00:00:00 awk -F [:/] /linux/ {print $3}
root        9782       2  0 14:40 ?        00:00:00 [kworker/0:2-cgroup_destroy]
root        9837       2  0 14:41 ?        00:00:00 [kworker/u30:0-events_unbound]
ec2-user   10105    6161  0 14:52 pts/0    00:00:00 awk { x=$a;y=$b; print "sum="x+y}
ec2-user   10106    6161  0 14:52 pts/0    00:00:00 awk { x=$1;y=$2; print "sum="x+y}
root       10510       2  0 14:59 ?        00:00:00 [kworker/u30:1-events_unbound]
root       10512       2  0 15:00 ?        00:00:00 [kworker/0:1-events]
root       10577    6144  0 15:03 ?        00:00:00 systemd-userwork: waiting...
root       10578    6144  0 15:03 ?        00:00:00 systemd-userwork: waiting...
root       10625    6144  0 15:03 ?        00:00:00 systemd-userwork: waiting...
root       10672       2  0 15:05 ?        00:00:00 [kworker/0:0-cgroup_destroy]
ec2-user   10723    6161  0 15:07 pts/0    00:00:00 ps -ef
